===== 2012-08-24 13:18:56: Задание 'altereot_dropbox': СИНХРОНИЗАЦИЮ запустил User на компьютере 'iMac' =====
altereot_dropbox: /Users/MichaelKostekchuk/Sites/altereot [cookies] -verified-PropDels-> /Users/MichaelKostekchuk/Dropbox/Something/altereot [cookies], SavePrevVers=30d, TmpDest, EstReq, CopyLocked, FileLinksDrill, CaseSens, Reconnect=3, CopyCreateTime
Удалён Файл '/Users/MichaelKostekchuk/Dropbox/Something/altereot/app/views/articles/index.html.erb'
Удалён Файл '/Users/MichaelKostekchuk/Dropbox/Something/altereot/app/views/articles/new.html.erb'
Удалён Файл '/Users/MichaelKostekchuk/Dropbox/Something/altereot/app/views/layouts/application.html.erb'
Удалён Файл '/Users/MichaelKostekchuk/Dropbox/Something/altereot/db/migrate/20120525153557_add_devise_to_users.rb'
Удалён Файл '/Users/MichaelKostekchuk/Dropbox/Something/altereot/db/test.sqlite3'
Удалён Файл '/Users/MichaelKostekchuk/Dropbox/Something/altereot/vendor/assets/javascripts/.gitkeep'
Удалён Файл '/Users/MichaelKostekchuk/Dropbox/Something/altereot/vendor/assets/stylesheets/.gitkeep'
Удалён Файл '/Users/MichaelKostekchuk/Dropbox/Something/altereot/vendor/plugins/.gitkeep'
Удалена Папка '/Users/MichaelKostekchuk/Dropbox/Something/altereot/vendor/plugins'
Удалена Папка '/Users/MichaelKostekchuk/Dropbox/Something/altereot/vendor/assets/stylesheets'
Удалена Папка '/Users/MichaelKostekchuk/Dropbox/Something/altereot/vendor/assets/javascripts'
Удалена Папка '/Users/MichaelKostekchuk/Dropbox/Something/altereot/vendor/assets'
Удалена Папка '/Users/MichaelKostekchuk/Dropbox/Something/altereot/vendor'
Скопирован новый '/Users/MichaelKostekchuk/Sites/altereot/app/assets/images/star.jpg' -> '/Users/MichaelKostekchuk/Dropbox/Something/altereot/app/assets/images/star.jpg'
Скопировано поверх '/Users/MichaelKostekchuk/Sites/altereot/app/assets/javascripts/articles.js.coffee' -> '/Users/MichaelKostekchuk/Dropbox/Something/altereot/app/assets/javascripts/articles.js.coffee'
Скопирован новый '/Users/MichaelKostekchuk/Sites/altereot/app/assets/javascripts/criterions.js.coffee' -> '/Users/MichaelKostekchuk/Dropbox/Something/altereot/app/assets/javascripts/criterions.js.coffee'
Скопирован новый '/Users/MichaelKostekchuk/Sites/altereot/app/assets/javascripts/dmp.js.coffee' -> '/Users/MichaelKostekchuk/Dropbox/Something/altereot/app/assets/javascripts/dmp.js.coffee'
Скопировано поверх '/Users/MichaelKostekchuk/Sites/altereot/app/assets/stylesheets/application.css' -> '/Users/MichaelKostekchuk/Dropbox/Something/altereot/app/assets/stylesheets/application.css'
Скопировано поверх '/Users/MichaelKostekchuk/Sites/altereot/app/assets/stylesheets/articles.css.scss' -> '/Users/MichaelKostekchuk/Dropbox/Something/altereot/app/assets/stylesheets/articles.css.scss'
Скопирован новый '/Users/MichaelKostekchuk/Sites/altereot/app/assets/stylesheets/criterions.css.scss' -> '/Users/MichaelKostekchuk/Dropbox/Something/altereot/app/assets/stylesheets/criterions.css.scss'
Скопирован новый '/Users/MichaelKostekchuk/Sites/altereot/app/assets/stylesheets/dmp.css.scss' -> '/Users/MichaelKostekchuk/Dropbox/Something/altereot/app/assets/stylesheets/dmp.css.scss'
Скопировано поверх '/Users/MichaelKostekchuk/Sites/altereot/app/assets/stylesheets/scaffolds.css.scss' -> '/Users/MichaelKostekchuk/Dropbox/Something/altereot/app/assets/stylesheets/scaffolds.css.scss'
Скопировано поверх '/Users/MichaelKostekchuk/Sites/altereot/app/controllers/application_controller.rb' -> '/Users/MichaelKostekchuk/Dropbox/Something/altereot/app/controllers/application_controller.rb'
Скопировано поверх '/Users/MichaelKostekchuk/Sites/altereot/app/controllers/articles_controller.rb' -> '/Users/MichaelKostekchuk/Dropbox/Something/altereot/app/controllers/articles_controller.rb'
Скопировано поверх '/Users/MichaelKostekchuk/Sites/altereot/app/controllers/comments_controller.rb' -> '/Users/MichaelKostekchuk/Dropbox/Something/altereot/app/controllers/comments_controller.rb'
Скопирован новый '/Users/MichaelKostekchuk/Sites/altereot/app/controllers/criterions_controller.rb' -> '/Users/MichaelKostekchuk/Dropbox/Something/altereot/app/controllers/criterions_controller.rb'
Скопировано поверх '/Users/MichaelKostekchuk/Sites/altereot/app/controllers/devise_controller.rb' -> '/Users/MichaelKostekchuk/Dropbox/Something/altereot/app/controllers/devise_controller.rb'
Скопирован новый '/Users/MichaelKostekchuk/Sites/altereot/app/controllers/dmp_controller.rb' -> '/Users/MichaelKostekchuk/Dropbox/Something/altereot/app/controllers/dmp_controller.rb'
Скопировано поверх '/Users/MichaelKostekchuk/Sites/altereot/app/controllers/users_controller.rb' -> '/Users/MichaelKostekchuk/Dropbox/Something/altereot/app/controllers/users_controller.rb'
Скопирован новый '/Users/MichaelKostekchuk/Sites/altereot/app/helpers/criterions_helper.rb' -> '/Users/MichaelKostekchuk/Dropbox/Something/altereot/app/helpers/criterions_helper.rb'
Скопирован новый '/Users/MichaelKostekchuk/Sites/altereot/app/helpers/dmp_helper.rb' -> '/Users/MichaelKostekchuk/Dropbox/Something/altereot/app/helpers/dmp_helper.rb'
Скопирован новый '/Users/MichaelKostekchuk/Sites/altereot/app/models/ability.rb' -> '/Users/MichaelKostekchuk/Dropbox/Something/altereot/app/models/ability.rb'
Скопировано поверх '/Users/MichaelKostekchuk/Sites/altereot/app/models/article.rb' -> '/Users/MichaelKostekchuk/Dropbox/Something/altereot/app/models/article.rb'
Скопирован новый '/Users/MichaelKostekchuk/Sites/altereot/app/models/dmp_admin.rb' -> '/Users/MichaelKostekchuk/Dropbox/Something/altereot/app/models/dmp_admin.rb'
Скопирован новый '/Users/MichaelKostekchuk/Sites/altereot/app/models/dmp_request.rb' -> '/Users/MichaelKostekchuk/Dropbox/Something/altereot/app/models/dmp_request.rb'
Скопировано поверх '/Users/MichaelKostekchuk/Sites/altereot/app/models/user.rb' -> '/Users/MichaelKostekchuk/Dropbox/Something/altereot/app/models/user.rb'
Скопирован новый '/Users/MichaelKostekchuk/Sites/altereot/app/models/vkuser.rb' -> '/Users/MichaelKostekchuk/Dropbox/Something/altereot/app/models/vkuser.rb'
Скопирован новый '/Users/MichaelKostekchuk/Sites/altereot/app/views/articles/_articles.html.erb' -> '/Users/MichaelKostekchuk/Dropbox/Something/altereot/app/views/articles/_articles.html.erb'
Скопирован новый '/Users/MichaelKostekchuk/Sites/altereot/app/views/articles/_criterions.html.erb' -> '/Users/MichaelKostekchuk/Dropbox/Something/altereot/app/views/articles/_criterions.html.erb'
Скопирован новый '/Users/MichaelKostekchuk/Sites/altereot/app/views/articles/_filters.html.erb' -> '/Users/MichaelKostekchuk/Dropbox/Something/altereot/app/views/articles/_filters.html.erb'
Скопировано поверх '/Users/MichaelKostekchuk/Sites/altereot/app/views/articles/edit.html.erb' -> '/Users/MichaelKostekchuk/Dropbox/Something/altereot/app/views/articles/edit.html.erb'
Скопирован новый '/Users/MichaelKostekchuk/Sites/altereot/app/views/articles/index.html.haml' -> '/Users/MichaelKostekchuk/Dropbox/Something/altereot/app/views/articles/index.html.haml'
Скопирован новый '/Users/MichaelKostekchuk/Sites/altereot/app/views/articles/new.html.haml' -> '/Users/MichaelKostekchuk/Dropbox/Something/altereot/app/views/articles/new.html.haml'
Скопирован новый '/Users/MichaelKostekchuk/Sites/altereot/app/views/articles/search.html.haml' -> '/Users/MichaelKostekchuk/Dropbox/Something/altereot/app/views/articles/search.html.haml'
Скопировано поверх '/Users/MichaelKostekchuk/Sites/altereot/app/views/articles/show.html.erb' -> '/Users/MichaelKostekchuk/Dropbox/Something/altereot/app/views/articles/show.html.erb'
Создана Папка '/Users/MichaelKostekchuk/Dropbox/Something/altereot/app/views/criterions'
Создана Папка '/Users/MichaelKostekchuk/Dropbox/Something/altereot/app/views/dmp'
Скопирован новый '/Users/MichaelKostekchuk/Sites/altereot/app/views/dmp/_form.html.erb' -> '/Users/MichaelKostekchuk/Dropbox/Something/altereot/app/views/dmp/_form.html.erb'
Скопирован новый '/Users/MichaelKostekchuk/Sites/altereot/app/views/dmp/country_ok.js.erb' -> '/Users/MichaelKostekchuk/Dropbox/Something/altereot/app/views/dmp/country_ok.js.erb'
Скопирован новый '/Users/MichaelKostekchuk/Sites/altereot/app/views/dmp/edit.html.erb' -> '/Users/MichaelKostekchuk/Dropbox/Something/altereot/app/views/dmp/edit.html.erb'
Скопирован новый '/Users/MichaelKostekchuk/Sites/altereot/app/views/dmp/index.html.erb' -> '/Users/MichaelKostekchuk/Dropbox/Something/altereot/app/views/dmp/index.html.erb'
Скопирован новый '/Users/MichaelKostekchuk/Sites/altereot/app/views/dmp/new.html.erb' -> '/Users/MichaelKostekchuk/Dropbox/Something/altereot/app/views/dmp/new.html.erb'
Скопирован новый '/Users/MichaelKostekchuk/Sites/altereot/app/views/dmp/show.html.erb' -> '/Users/MichaelKostekchuk/Dropbox/Something/altereot/app/views/dmp/show.html.erb'
Скопирован новый '/Users/MichaelKostekchuk/Sites/altereot/app/views/dmp/show_vkusers.js.erb' -> '/Users/MichaelKostekchuk/Dropbox/Something/altereot/app/views/dmp/show_vkusers.js.erb'
Скопирован новый '/Users/MichaelKostekchuk/Sites/altereot/app/views/layouts/articles.html.erb' -> '/Users/MichaelKostekchuk/Dropbox/Something/altereot/app/views/layouts/articles.html.erb'
Скопировано поверх '/Users/MichaelKostekchuk/Sites/altereot/config/database.yml' -> '/Users/MichaelKostekchuk/Dropbox/Something/altereot/config/database.yml'
Скопировано поверх '/Users/MichaelKostekchuk/Sites/altereot/config/routes.rb' -> '/Users/MichaelKostekchuk/Dropbox/Something/altereot/config/routes.rb'
Скопировано поверх '/Users/MichaelKostekchuk/Sites/altereot/db/migrate/20120525153530_create_users.rb' -> '/Users/MichaelKostekchuk/Dropbox/Something/altereot/db/migrate/20120525153530_create_users.rb'
Скопирован новый '/Users/MichaelKostekchuk/Sites/altereot/db/migrate/20120719192652_create_vkusers.rb' -> '/Users/MichaelKostekchuk/Dropbox/Something/altereot/db/migrate/20120719192652_create_vkusers.rb'
Скопирован новый '/Users/MichaelKostekchuk/Sites/altereot/db/migrate/20120720085120_devise_create_dmp_admins.rb' -> '/Users/MichaelKostekchuk/Dropbox/Something/altereot/db/migrate/20120720085120_devise_create_dmp_admins.rb'
Скопирован новый '/Users/MichaelKostekchuk/Sites/altereot/db/migrate/20120720092455_create_dmp_requests.rb' -> '/Users/MichaelKostekchuk/Dropbox/Something/altereot/db/migrate/20120720092455_create_dmp_requests.rb'
Скопировано поверх '/Users/MichaelKostekchuk/Sites/altereot/db/schema.rb' -> '/Users/MichaelKostekchuk/Dropbox/Something/altereot/db/schema.rb'
Скопировано поверх '/Users/MichaelKostekchuk/Sites/altereot/db/seeds.rb' -> '/Users/MichaelKostekchuk/Dropbox/Something/altereot/db/seeds.rb'
Создана Папка '/Users/MichaelKostekchuk/Dropbox/Something/altereot/js_test'
Скопирован новый '/Users/MichaelKostekchuk/Sites/altereot/js_test/articles.js.js' -> '/Users/MichaelKostekchuk/Dropbox/Something/altereot/js_test/articles.js.js'
Скопирован новый '/Users/MichaelKostekchuk/Sites/altereot/lib/data/articles.txt' -> '/Users/MichaelKostekchuk/Dropbox/Something/altereot/lib/data/articles.txt'
Скопировано поверх '/Users/MichaelKostekchuk/Sites/altereot/lib/data/data.txt' -> '/Users/MichaelKostekchuk/Dropbox/Something/altereot/lib/data/data.txt'
Скопирован новый '/Users/MichaelKostekchuk/Sites/altereot/lib/tasks/scheduler.rake' -> '/Users/MichaelKostekchuk/Dropbox/Something/altereot/lib/tasks/scheduler.rake'
Создана Папка '/Users/MichaelKostekchuk/Dropbox/Something/altereot/node_modules'
Создана Папка '/Users/MichaelKostekchuk/Dropbox/Something/altereot/node_modules/.bin'
Скопирован новый '/Users/MichaelKostekchuk/Sites/altereot/node_modules/.bin/cake' -> '/Users/MichaelKostekchuk/Dropbox/Something/altereot/node_modules/.bin/cake'
Скопирован новый '/Users/MichaelKostekchuk/Sites/altereot/node_modules/.bin/coffee' -> '/Users/MichaelKostekchuk/Dropbox/Something/altereot/node_modules/.bin/coffee'
Создана Папка '/Users/MichaelKostekchuk/Dropbox/Something/altereot/node_modules/coffee-script'
Создана Папка '/Users/MichaelKostekchuk/Dropbox/Something/altereot/node_modules/coffee-script/bin'
Скопирован новый '/Users/MichaelKostekchuk/Sites/altereot/node_modules/coffee-script/bin/cake' -> '/Users/MichaelKostekchuk/Dropbox/Something/altereot/node_modules/coffee-script/bin/cake'
Скопирован новый '/Users/MichaelKostekchuk/Sites/altereot/node_modules/coffee-script/bin/coffee' -> '/Users/MichaelKostekchuk/Dropbox/Something/altereot/node_modules/coffee-script/bin/coffee'
Создана Папка '/Users/MichaelKostekchuk/Dropbox/Something/altereot/node_modules/coffee-script/extras'
Скопирован новый '/Users/MichaelKostekchuk/Sites/altereot/node_modules/coffee-script/extras/jsl.conf' -> '/Users/MichaelKostekchuk/Dropbox/Something/altereot/node_modules/coffee-script/extras/jsl.conf'
Создана Папка '/Users/MichaelKostekchuk/Dropbox/Something/altereot/node_modules/coffee-script/lib'
Создана Папка '/Users/MichaelKostekchuk/Dropbox/Something/altereot/node_modules/coffee-script/lib/coffee-script'
Скопирован новый '/Users/MichaelKostekchuk/Sites/altereot/node_modules/coffee-script/lib/coffee-script/browser.js' -> '/Users/MichaelKostekchuk/Dropbox/Something/altereot/node_modules/coffee-script/lib/coffee-script/browser.js'
Скопирован новый '/Users/MichaelKostekchuk/Sites/altereot/node_modules/coffee-script/lib/coffee-script/cake.js' -> '/Users/MichaelKostekchuk/Dropbox/Something/altereot/node_modules/coffee-script/lib/coffee-script/cake.js'
Скопирован новый '/Users/MichaelKostekchuk/Sites/altereot/node_modules/coffee-script/lib/coffee-script/coffee-script.js' -> '/Users/MichaelKostekchuk/Dropbox/Something/altereot/node_modules/coffee-script/lib/coffee-script/coffee-script.js'
Скопирован новый '/Users/MichaelKostekchuk/Sites/altereot/node_modules/coffee-script/lib/coffee-script/command.js' -> '/Users/MichaelKostekchuk/Dropbox/Something/altereot/node_modules/coffee-script/lib/coffee-script/command.js'
Скопирован новый '/Users/MichaelKostekchuk/Sites/altereot/node_modules/coffee-script/lib/coffee-script/grammar.js' -> '/Users/MichaelKostekchuk/Dropbox/Something/altereot/node_modules/coffee-script/lib/coffee-script/grammar.js'
Скопирован новый '/Users/MichaelKostekchuk/Sites/altereot/node_modules/coffee-script/lib/coffee-script/helpers.js' -> '/Users/MichaelKostekchuk/Dropbox/Something/altereot/node_modules/coffee-script/lib/coffee-script/helpers.js'
Скопирован новый '/Users/MichaelKostekchuk/Sites/altereot/node_modules/coffee-script/lib/coffee-script/index.js' -> '/Users/MichaelKostekchuk/Dropbox/Something/altereot/node_modules/coffee-script/lib/coffee-script/index.js'
Скопирован новый '/Users/MichaelKostekchuk/Sites/altereot/node_modules/coffee-script/lib/coffee-script/lexer.js' -> '/Users/MichaelKostekchuk/Dropbox/Something/altereot/node_modules/coffee-script/lib/coffee-script/lexer.js'
Скопирован новый '/Users/MichaelKostekchuk/Sites/altereot/node_modules/coffee-script/lib/coffee-script/nodes.js' -> '/Users/MichaelKostekchuk/Dropbox/Something/altereot/node_modules/coffee-script/lib/coffee-script/nodes.js'
Скопирован новый '/Users/MichaelKostekchuk/Sites/altereot/node_modules/coffee-script/lib/coffee-script/optparse.js' -> '/Users/MichaelKostekchuk/Dropbox/Something/altereot/node_modules/coffee-script/lib/coffee-script/optparse.js'
Скопирован новый '/Users/MichaelKostekchuk/Sites/altereot/node_modules/coffee-script/lib/coffee-script/parser.js' -> '/Users/MichaelKostekchuk/Dropbox/Something/altereot/node_modules/coffee-script/lib/coffee-script/parser.js'
Скопирован новый '/Users/MichaelKostekchuk/Sites/altereot/node_modules/coffee-script/lib/coffee-script/repl.js' -> '/Users/MichaelKostekchuk/Dropbox/Something/altereot/node_modules/coffee-script/lib/coffee-script/repl.js'
Скопирован новый '/Users/MichaelKostekchuk/Sites/altereot/node_modules/coffee-script/lib/coffee-script/rewriter.js' -> '/Users/MichaelKostekchuk/Dropbox/Something/altereot/node_modules/coffee-script/lib/coffee-script/rewriter.js'
Скопирован новый '/Users/MichaelKostekchuk/Sites/altereot/node_modules/coffee-script/lib/coffee-script/scope.js' -> '/Users/MichaelKostekchuk/Dropbox/Something/altereot/node_modules/coffee-script/lib/coffee-script/scope.js'
Скопирован новый '/Users/MichaelKostekchuk/Sites/altereot/node_modules/coffee-script/.npmignore' -> '/Users/MichaelKostekchuk/Dropbox/Something/altereot/node_modules/coffee-script/.npmignore'
Скопирован новый '/Users/MichaelKostekchuk/Sites/altereot/node_modules/coffee-script/CNAME' -> '/Users/MichaelKostekchuk/Dropbox/Something/altereot/node_modules/coffee-script/CNAME'
Скопирован новый '/Users/MichaelKostekchuk/Sites/altereot/node_modules/coffee-script/LICENSE' -> '/Users/MichaelKostekchuk/Dropbox/Something/altereot/node_modules/coffee-script/LICENSE'
Скопирован новый '/Users/MichaelKostekchuk/Sites/altereot/node_modules/coffee-script/package.json' -> '/Users/MichaelKostekchuk/Dropbox/Something/altereot/node_modules/coffee-script/package.json'
Скопирован новый '/Users/MichaelKostekchuk/Sites/altereot/node_modules/coffee-script/Rakefile' -> '/Users/MichaelKostekchuk/Dropbox/Something/altereot/node_modules/coffee-script/Rakefile'
Скопирован новый '/Users/MichaelKostekchuk/Sites/altereot/node_modules/coffee-script/README' -> '/Users/MichaelKostekchuk/Dropbox/Something/altereot/node_modules/coffee-script/README'
Скопирован новый '/Users/MichaelKostekchuk/Sites/altereot/public/_index.html' -> '/Users/MichaelKostekchuk/Dropbox/Something/altereot/public/_index.html'
Создана Папка '/Users/MichaelKostekchuk/Dropbox/Something/altereot/spec/controllers'
Скопирован новый '/Users/MichaelKostekchuk/Sites/altereot/spec/controllers/criterions_controller_spec.rb' -> '/Users/MichaelKostekchuk/Dropbox/Something/altereot/spec/controllers/criterions_controller_spec.rb'
Скопирован новый '/Users/MichaelKostekchuk/Sites/altereot/spec/controllers/dmp_controller_spec.rb' -> '/Users/MichaelKostekchuk/Dropbox/Something/altereot/spec/controllers/dmp_controller_spec.rb'
Создана Папка '/Users/MichaelKostekchuk/Dropbox/Something/altereot/spec/helpers'
Скопирован новый '/Users/MichaelKostekchuk/Sites/altereot/spec/helpers/criterions_helper_spec.rb' -> '/Users/MichaelKostekchuk/Dropbox/Something/altereot/spec/helpers/criterions_helper_spec.rb'
Скопирован новый '/Users/MichaelKostekchuk/Sites/altereot/spec/helpers/dmp_helper_spec.rb' -> '/Users/MichaelKostekchuk/Dropbox/Something/altereot/spec/helpers/dmp_helper_spec.rb'
Скопирован новый '/Users/MichaelKostekchuk/Sites/altereot/spec/models/dmp_admin_spec.rb' -> '/Users/MichaelKostekchuk/Dropbox/Something/altereot/spec/models/dmp_admin_spec.rb'
Скопирован новый '/Users/MichaelKostekchuk/Sites/altereot/spec/models/dmp_request_spec.rb' -> '/Users/MichaelKostekchuk/Dropbox/Something/altereot/spec/models/dmp_request_spec.rb'
Скопирован новый '/Users/MichaelKostekchuk/Sites/altereot/spec/models/vkuser_spec.rb' -> '/Users/MichaelKostekchuk/Dropbox/Something/altereot/spec/models/vkuser_spec.rb'
Скопировано поверх '/Users/MichaelKostekchuk/Sites/altereot/Gemfile' -> '/Users/MichaelKostekchuk/Dropbox/Something/altereot/Gemfile'
Скопировано поверх '/Users/MichaelKostekchuk/Sites/altereot/Gemfile.lock' -> '/Users/MichaelKostekchuk/Dropbox/Something/altereot/Gemfile.lock'
Скопировано поверх '/Users/MichaelKostekchuk/Sites/altereot/TODO' -> '/Users/MichaelKostekchuk/Dropbox/Something/altereot/TODO'
Скопировано поверх '/Users/MichaelKostekchuk/Sites/altereot/untitled.sql' -> '/Users/MichaelKostekchuk/Dropbox/Something/altereot/untitled.sql'
Сохраняю файл состояний /Users/MichaelKostekchuk/Sites/altereot/_gsdata_/_file_state._gs
Сохраняю файл состояний /Users/MichaelKostekchuk/Dropbox/Something/altereot/_gsdata_/_file_state._gs
Синхронизировано: 114, Ошибок: 0
===== 2012-08-24 13:19:03: Синхронизация завершена. Время 00:00:07, Скорость: 319K/s файлов/сек =====

